{
  "stats": {
    "suites": 1,
    "tests": 3,
    "passes": 3,
    "pending": 0,
    "failures": 0,
    "start": "2025-12-18T18:10:33.508Z",
    "end": "2025-12-18T18:10:51.203Z",
    "duration": 17695,
    "testsRegistered": 3,
    "passPercent": 100,
    "pendingPercent": 0,
    "other": 0,
    "hasOther": false,
    "skipped": 0,
    "hasSkipped": false
  },
  "results": [
    {
      "uuid": "b467122b-d5f2-48b2-9a22-fb5c268d821e",
      "title": "",
      "fullFile": "cypress/e2e/Homework-21.cy.js",
      "file": "cypress/e2e/Homework-21.cy.js",
      "beforeHooks": [],
      "afterHooks": [],
      "tests": [],
      "suites": [
        {
          "uuid": "2dd06440-ba9c-44f7-8be1-b6f04f896e20",
          "title": "Add car",
          "fullFile": "",
          "file": "",
          "beforeHooks": [],
          "afterHooks": [],
          "tests": [
            {
              "title": "Add Audi TT car and add fuel expenses",
              "fullTitle": "Add car Add Audi TT car and add fuel expenses",
              "timedOut": null,
              "duration": 5849,
              "state": "passed",
              "speed": "medium",
              "pass": true,
              "fail": false,
              "pending": false,
              "context": null,
              "code": "hw21Elements.addCarBtn.click(), hw21Elements.mileageTextBox.click().type(50), cy.get('ngb-modal-window').should('be.visible').within(() => {\n    cy.contains('button', 'Add').click();\n  }),\n  //hw21Elements.btnAddInPopup.click(),\n  hw21Elements.addFuelExpenseBtn.click(), hw21Elements.addExpenseMileage.click().type(100), hw21Elements.numberOfLitersTextBox.click().type(1), hw21Elements.totalCostTextBox.click().type(2000), cy.get('ngb-modal-window').should('be.visible').within(() => {\n    cy.contains('button', 'Add').click();\n  }) //hw21Elements.addButtonInExpensePopup.click()",
              "err": {},
              "uuid": "6df1965c-a5af-44d8-b846-eecf7214f47b",
              "parentUUID": "2dd06440-ba9c-44f7-8be1-b6f04f896e20",
              "isHook": false,
              "skipped": false
            },
            {
              "title": "Add BMW 5 and add fuel expenses",
              "fullTitle": "Add car Add BMW 5 and add fuel expenses",
              "timedOut": null,
              "duration": 4800,
              "state": "passed",
              "speed": "fast",
              "pass": true,
              "fail": false,
              "pending": false,
              "context": null,
              "code": "hw21Elements.addCarBtn.click(), hw21Elements.addCarBrand.select('BMW').should('have.value', '1: 2'), hw21Elements.addCarModel.select('5'), hw21Elements.mileageTextBox.click().type(50), cy.get('ngb-modal-window').should('be.visible').within(() => {\n    cy.contains('button', 'Add').click();\n  }), hw21Elements.addFuelExpenseBtn.click(), hw21Elements.addExpenseMileage.click().type(100), hw21Elements.numberOfLitersTextBox.click().type(1), hw21Elements.totalCostTextBox.click().type(2000), cy.get('ngb-modal-window').should('be.visible').within(() => {\n    cy.contains('button', 'Add').click();\n  })",
              "err": {},
              "uuid": "4bb294bc-afbb-4e34-bc5b-8d7f87db2090",
              "parentUUID": "2dd06440-ba9c-44f7-8be1-b6f04f896e20",
              "isHook": false,
              "skipped": false
            },
            {
              "title": "Add few cars and fuel expenses",
              "fullTitle": "Add car Add few cars and fuel expenses",
              "timedOut": null,
              "duration": 5992,
              "state": "passed",
              "speed": "medium",
              "pass": true,
              "fail": false,
              "pending": false,
              "context": null,
              "code": "hw21Elements.addCarBtn.click(), hw21Elements.addCarBrand.select('Audi'), hw21Elements.addCarModel.select('A6'), hw21Elements.mileageTextBox.click().type(50), cy.get('ngb-modal-window').should('be.visible').within(() => {\n    cy.contains('button', 'Add').click();\n  }), hw21Elements.addCarBtn.click(), hw21Elements.addCarBrand.select('Porsche'), hw21Elements.addCarModel.select('Panamera'), hw21Elements.mileageTextBox.click().type(50), cy.get('ngb-modal-window').should('be.visible').within(() => {\n    cy.contains('button', 'Add').click();\n  }), hw21Elements.addFuelExpenseBtn.click(), hw21Elements.addExpenseMileage.click().type(100), hw21Elements.numberOfLitersTextBox.click().type(1), hw21Elements.totalCostTextBox.click().type(2000), cy.get('ngb-modal-window').should('be.visible').within(() => {\n    cy.contains('button', 'Add').click();\n  })",
              "err": {},
              "uuid": "4211e69c-5f28-4734-a36a-19f45116ef87",
              "parentUUID": "2dd06440-ba9c-44f7-8be1-b6f04f896e20",
              "isHook": false,
              "skipped": false
            }
          ],
          "suites": [],
          "passes": [
            "6df1965c-a5af-44d8-b846-eecf7214f47b",
            "4bb294bc-afbb-4e34-bc5b-8d7f87db2090",
            "4211e69c-5f28-4734-a36a-19f45116ef87"
          ],
          "failures": [],
          "pending": [],
          "skipped": [],
          "duration": 16641,
          "root": false,
          "rootEmpty": false,
          "_timeout": 2000
        }
      ],
      "passes": [],
      "failures": [],
      "pending": [],
      "skipped": [],
      "duration": 0,
      "root": true,
      "rootEmpty": true,
      "_timeout": 2000
    }
  ],
  "meta": {
    "mocha": {
      "version": "7.2.0"
    },
    "mochawesome": {
      "options": {
        "quiet": false,
        "reportFilename": "mochawesome",
        "saveHtml": true,
        "saveJson": true,
        "consoleReporter": "spec",
        "useInlineDiffs": false,
        "code": true
      },
      "version": "7.1.4"
    },
    "marge": {
      "options": null,
      "version": "6.3.2"
    }
  }
}